[2019-06-13 19:49:23.000][INFO][RCSE\Core\Configurator] Trying to obtain data (site) from main.json.
[2019-06-13 19:49:23.000][INFO][RCSE\Core\Configurator] Data obtained successfuly.
[2019-06-13 19:49:23.000][INFO][RCSE\Core\Configurator] Trying to obtain data (site) from main.json.
[2019-06-13 19:49:23.000][INFO][RCSE\Core\Configurator] Data obtained successfuly.
[2019-06-13 19:49:23.000][INFO][RCSE\Core\Configurator] Trying to obtain data (database) from main.json.
[2019-06-13 19:49:23.000][INFO][RCSE\Core\Configurator] Data obtained successfuly.
[2019-06-13 19:49:23.000][INFO][RCSE\Core\Database] Initializing Database connection (host: 127.0.0.1:3306, name: rcse).
[2019-06-13 19:49:23.000][INFO][RCSE\Core\Database] Database connected successfully.
[2019-06-13 19:49:23.000][INFO][RCSE\Core\Configurator] Trying to obtain data (database) from main.json.
[2019-06-13 19:49:23.000][INFO][RCSE\Core\Configurator] Data obtained successfuly.
[2019-06-13 19:49:23.000][INFO][RCSE\Core\Database] Initializing Database connection (host: 127.0.0.1:3306, name: rcse).
[2019-06-13 19:49:23.000][INFO][RCSE\Core\Database] Database connected successfully.
[2019-06-13 19:49:23.000][INFO][RCSE\Core\Configurator] Trying to obtain data (database) from main.json.
[2019-06-13 19:49:23.000][INFO][RCSE\Core\Configurator] Data obtained successfuly.
[2019-06-13 19:49:23.000][INFO][RCSE\Core\Database] Initializing Database connection (host: 127.0.0.1:3306, name: rcse).
[2019-06-13 19:49:23.000][INFO][RCSE\Core\Database] Database connected successfully.
[2019-06-13 19:49:23.000][INFO][RCSE\Core\User] Obtaining session 5t9TjWZAraA6FQ4l.
[2019-06-13 19:49:23.000][INFO][RCSE\Core\User] Obtaining sessions.
[2019-06-13 19:49:23.000][INFO][RCSE\Core\User] Sessions obtained successfully.
[2019-06-13 19:49:23.000][INFO][RCSE\Core\User] Session obtained successfully.
[2019-06-13 19:49:23.000][INFO][RCSE\Core\User] Validation user session 5t9TjWZAraA6FQ4l.
[2019-06-13 19:49:23.000][INFO][RCSE\Core\User] Session valid.
[2019-06-13 19:49:23.000][INFO][RCSE\Core\Database] Trying to obtain data from topics.
[2019-06-13 19:49:23.000][INFO][RCSE\Core\Configurator] Trying to obtain data (topics) from queries.json.
[2019-06-13 19:49:23.000][INFO][RCSE\Core\Configurator] Data obtained successfuly.
[2019-06-13 19:49:23.000][INFO][RCSE\Core\Database] Trying to prepare query.
[2019-06-13 19:49:23.000][INFO][RCSE\Core\Database] Trying to execute query.
[2019-06-13 19:49:23.000][INFO][RCSE\Core\Database] Data obtained successfully.
[2019-06-13 19:49:23.000][INFO][RCSE\Core\Database] Checking accounts for data existence.
[2019-06-13 19:49:23.000][INFO][RCSE\Core\Configurator] Trying to obtain data (accounts) from queries.json.
[2019-06-13 19:49:23.000][INFO][RCSE\Core\Configurator] Data obtained successfuly.
[2019-06-13 19:49:23.000][INFO][RCSE\Core\Database] Trying to prepare query.
[2019-06-13 19:49:23.000][INFO][RCSE\Core\Database] Trying to execute query.
[2019-06-13 19:49:23.000][INFO][RCSE\Core\Database] Successfully obtained the data!
[2019-06-13 19:49:23.000][INFO][RCSE\Core\Database] Trying to obtain data from accounts.
[2019-06-13 19:49:23.000][INFO][RCSE\Core\Configurator] Trying to obtain data (accounts) from queries.json.
[2019-06-13 19:49:23.000][INFO][RCSE\Core\Configurator] Data obtained successfuly.
[2019-06-13 19:49:23.000][INFO][RCSE\Core\Database] Trying to prepare query.
[2019-06-13 19:49:23.000][INFO][RCSE\Core\Database] Trying to execute query.
[2019-06-13 19:49:23.000][INFO][RCSE\Core\Database] Data obtained successfully.
[2019-06-13 19:49:23.000][INFO][RCSE\Core\Configurator] Trying to obtain data (site) from main.json.
[2019-06-13 19:49:23.000][INFO][RCSE\Core\Configurator] Data obtained successfuly.
[2019-06-13 19:49:23.000][INFO][RCSE\Core\Configurator] Trying to obtain data (site) from main.json.
[2019-06-13 19:49:23.000][INFO][RCSE\Core\Configurator] Data obtained successfuly.
[2019-06-13 19:49:23.000][INFO][RCSE\Core\Configurator] Trying to obtain data (ru) from lang.json.
[2019-06-13 19:49:23.000][INFO][RCSE\Core\Configurator] Data obtained successfuly.
[2019-06-13 19:49:23.000][INFO][RCSE\Core\Configurator] Trying to obtain data (ru) from lang.json.
[2019-06-13 19:49:23.000][INFO][RCSE\Core\Configurator] Data obtained successfuly.
